2018-03-09 15:09:58,375[ost-startStop-1]  [INFO ] [.e.c.c.d.JNDIDataSourceFactory 59]   - This=org.eclipse.che.core.db.h2.H2SQLJndiDataSourceFactory@7e9f77f4 obj=ResourceRef[className=javax.sql.DataSource,factoryClassLocation=null,factoryClassName=org.apache.naming.factory.ResourceFactory,{type=scope,content=Shareable},{type=auth,content=Container},{type=singleton,content=true},{type=factory,content=org.eclipse.che.api.CommonJndiDataSourceFactory}] name=che Context=org.apache.naming.NamingContext@7504c342 environment={}
2018-03-09 15:10:01,503[ost-startStop-1]  [INFO ] [o.f.c.i.d.DbSupportFactory 44]       - Database: jdbc:h2:che (H2 1.4)
2018-03-09 15:10:01,565[ost-startStop-1]  [INFO ] [o.f.c.i.util.VersionPrinter 44]      - Flyway 4.2.0 by Boxfuse
2018-03-09 15:10:01,566[ost-startStop-1]  [INFO ] [o.f.c.i.d.DbSupportFactory 44]       - Database: jdbc:h2:che (H2 1.4)
2018-03-09 15:10:01,594[ost-startStop-1]  [INFO ] [i.f.CustomSqlMigrationResolver 157]  - Searching for sql scripts in locations [classpath:che-schema]
2018-03-09 15:10:01,881[ost-startStop-1]  [INFO ] [o.f.c.i.command.DbValidate 44]       - Successfully validated 27 migrations (execution time 00:00.288s)
2018-03-09 15:10:01,894[ost-startStop-1]  [INFO ] [o.f.c.i.command.DbMigrate 44]        - Current version of schema "PUBLIC": 6.0.0.12
2018-03-09 15:10:01,897[ost-startStop-1]  [INFO ] [o.f.c.i.command.DbMigrate 44]        - Schema "PUBLIC" is up to date. No migration necessary.
2018-03-09 15:10:03,718[ost-startStop-1]  [INFO ] [a.i.s.i.LocalInstallerRegistry 70]   - Latest version of installer 'org.eclipse.che.terminal:1.0.0' is already in the registry.
2018-03-09 15:10:03,722[ost-startStop-1]  [INFO ] [a.i.s.i.LocalInstallerRegistry 70]   - Latest version of installer 'org.eclipse.che.git-credentials:1.0.0' is already in the registry.
2018-03-09 15:10:03,728[ost-startStop-1]  [INFO ] [a.i.s.i.LocalInstallerRegistry 70]   - Latest version of installer 'org.eclipse.che.ws-agent:1.0.1' is already in the registry.
2018-03-09 15:10:03,731[ost-startStop-1]  [INFO ] [a.i.s.i.LocalInstallerRegistry 70]   - Latest version of installer 'org.eclipse.che.terminal:1.0.1' is already in the registry.
2018-03-09 15:10:03,736[ost-startStop-1]  [INFO ] [a.i.s.i.LocalInstallerRegistry 70]   - Latest version of installer 'org.eclipse.che.ws-agent:1.0.0' is already in the registry.
2018-03-09 15:10:03,741[ost-startStop-1]  [INFO ] [a.i.s.i.LocalInstallerRegistry 70]   - Latest version of installer 'org.eclipse.che.ls.js-ts:1.0.1' is already in the registry.
2018-03-09 15:10:03,745[ost-startStop-1]  [INFO ] [a.i.s.i.LocalInstallerRegistry 70]   - Latest version of installer 'org.eclipse.che.ssh:1.0.0' is already in the registry.
2018-03-09 15:10:03,748[ost-startStop-1]  [INFO ] [a.i.s.i.LocalInstallerRegistry 70]   - Latest version of installer 'org.eclipse.che.ls.php:2.0.1' is already in the registry.
2018-03-09 15:10:03,752[ost-startStop-1]  [INFO ] [a.i.s.i.LocalInstallerRegistry 70]   - Latest version of installer 'org.eclipse.che.exec:1.0.0' is already in the registry.
2018-03-09 15:10:03,756[ost-startStop-1]  [INFO ] [a.i.s.i.LocalInstallerRegistry 70]   - Latest version of installer 'org.eclipse.che.exec:1.0.1' is already in the registry.
2018-03-09 15:10:03,758[ost-startStop-1]  [INFO ] [a.i.s.i.LocalInstallerRegistry 70]   - Latest version of installer 'org.eclipse.che.ls.python:1.0.3' is already in the registry.
2018-03-09 15:10:03,762[ost-startStop-1]  [INFO ] [a.i.s.i.LocalInstallerRegistry 70]   - Latest version of installer 'org.eclipse.che.ws-agent:1.0.2' is already in the registry.
2018-03-09 15:10:03,764[ost-startStop-1]  [INFO ] [a.i.s.i.LocalInstallerRegistry 70]   - Latest version of installer 'org.eclipse.che.unison:1.0.0' is already in the registry.
2018-03-09 15:10:03,766[ost-startStop-1]  [INFO ] [a.i.s.i.LocalInstallerRegistry 70]   - Latest version of installer 'org.eclipse.che.ls.json:1.0.1' is already in the registry.
2018-03-09 15:10:03,770[ost-startStop-1]  [INFO ] [a.i.s.i.LocalInstallerRegistry 70]   - Latest version of installer 'org.eclipse.che.ws-agent:1.0.3' is already in the registry.
2018-03-09 15:10:03,772[ost-startStop-1]  [INFO ] [a.i.s.i.LocalInstallerRegistry 70]   - Latest version of installer 'org.eclipse.che.ls.yaml:1.0.0' is already in the registry.
2018-03-09 15:10:03,774[ost-startStop-1]  [INFO ] [a.i.s.i.LocalInstallerRegistry 70]   - Latest version of installer 'org.eclipse.che.test.ls:1.0.0' is already in the registry.
2018-03-09 15:10:03,776[ost-startStop-1]  [INFO ] [a.i.s.i.LocalInstallerRegistry 70]   - Latest version of installer 'org.eclipse.che.ls.csharp:1.0.1' is already in the registry.
2018-03-09 15:10:03,778[ost-startStop-1]  [INFO ] [a.i.s.i.LocalInstallerRegistry 70]   - Latest version of installer 'org.eclipse.che.ls.camel:1.0.0' is already in the registry.
2018-03-09 15:10:03,959[ost-startStop-1]  [INFO ] [.i.d.l.p.LocalProjectsMigrator 49]   - Starting migration of workspace project files
2018-03-09 15:10:04,003[ost-startStop-1]  [INFO ] [o.e.c.a.w.s.WorkspaceRuntimes 113]   - Configured factories for environments: '[compose, dockerimage, dockerfile]'
2018-03-09 15:10:04,003[ost-startStop-1]  [INFO ] [o.e.c.a.w.s.WorkspaceRuntimes 114]   - Registered infrastructure 'docker'
2018-03-09 15:10:04,123[ost-startStop-1]  [INFO ] [.c.i.d.c.DockerRegistryChecker 48]   - Probing registry 'http://localhost:5000'
2018-03-09 15:10:04,135[ost-startStop-1]  [WARN ] [.c.i.d.c.DockerRegistryChecker 58]   - Docker registry http://localhost:5000 is not available, which means that you won't be able to save snapshots of your workspaces.
How to configure registry?
	Local registry  -> https://docs.docker.com/registry/
	Remote registry -> set up 'che.docker.registry.auth.*' properties
2018-03-09 15:10:04,149[ted-scheduler-2]  [INFO ] [ockerAbandonedResourcesCleaner 124]  - List containers registered in the api: []
2018-03-09 16:10:04,151[ted-scheduler-9]  [INFO ] [ockerAbandonedResourcesCleaner 124]  - List containers registered in the api: []
