2018-03-16 07:42:36,063[ost-startStop-1]  [INFO ] [.e.c.c.d.JNDIDataSourceFactory 59]   - This=org.eclipse.che.core.db.h2.H2SQLJndiDataSourceFactory@4574cf46 obj=ResourceRef[className=javax.sql.DataSource,factoryClassLocation=null,factoryClassName=org.apache.naming.factory.ResourceFactory,{type=scope,content=Shareable},{type=auth,content=Container},{type=singleton,content=true},{type=factory,content=org.eclipse.che.api.CommonJndiDataSourceFactory}] name=che Context=org.apache.naming.NamingContext@2215cd48 environment={}
2018-03-16 07:42:40,991[ost-startStop-1]  [INFO ] [o.f.c.i.d.DbSupportFactory 44]       - Database: jdbc:h2:che (H2 1.4)
2018-03-16 07:42:41,031[ost-startStop-1]  [INFO ] [o.f.c.i.util.VersionPrinter 44]      - Flyway 4.2.0 by Boxfuse
2018-03-16 07:42:41,032[ost-startStop-1]  [INFO ] [o.f.c.i.d.DbSupportFactory 44]       - Database: jdbc:h2:che (H2 1.4)
2018-03-16 07:42:41,060[ost-startStop-1]  [INFO ] [i.f.CustomSqlMigrationResolver 157]  - Searching for sql scripts in locations [classpath:che-schema]
2018-03-16 07:42:41,148[ost-startStop-1]  [INFO ] [o.f.c.i.command.DbValidate 44]       - Successfully validated 27 migrations (execution time 00:00.089s)
2018-03-16 07:42:41,165[ost-startStop-1]  [INFO ] [o.f.c.i.command.DbMigrate 44]        - Current version of schema "PUBLIC": 6.0.0.12
2018-03-16 07:42:41,169[ost-startStop-1]  [INFO ] [o.f.c.i.command.DbMigrate 44]        - Schema "PUBLIC" is up to date. No migration necessary.
2018-03-16 07:42:42,863[ost-startStop-1]  [INFO ] [a.i.s.i.LocalInstallerRegistry 70]   - Latest version of installer 'org.eclipse.che.terminal:1.0.0' is already in the registry.
2018-03-16 07:42:42,867[ost-startStop-1]  [INFO ] [a.i.s.i.LocalInstallerRegistry 70]   - Latest version of installer 'org.eclipse.che.git-credentials:1.0.0' is already in the registry.
2018-03-16 07:42:42,872[ost-startStop-1]  [INFO ] [a.i.s.i.LocalInstallerRegistry 70]   - Latest version of installer 'org.eclipse.che.ws-agent:1.0.1' is already in the registry.
2018-03-16 07:42:42,877[ost-startStop-1]  [INFO ] [a.i.s.i.LocalInstallerRegistry 70]   - Latest version of installer 'org.eclipse.che.terminal:1.0.1' is already in the registry.
2018-03-16 07:42:42,881[ost-startStop-1]  [INFO ] [a.i.s.i.LocalInstallerRegistry 70]   - Latest version of installer 'org.eclipse.che.ws-agent:1.0.0' is already in the registry.
2018-03-16 07:42:42,884[ost-startStop-1]  [INFO ] [a.i.s.i.LocalInstallerRegistry 70]   - Latest version of installer 'org.eclipse.che.ls.js-ts:1.0.1' is already in the registry.
2018-03-16 07:42:42,887[ost-startStop-1]  [INFO ] [a.i.s.i.LocalInstallerRegistry 70]   - Latest version of installer 'org.eclipse.che.ssh:1.0.0' is already in the registry.
2018-03-16 07:42:42,891[ost-startStop-1]  [INFO ] [a.i.s.i.LocalInstallerRegistry 70]   - Latest version of installer 'org.eclipse.che.ls.php:2.0.1' is already in the registry.
2018-03-16 07:42:42,896[ost-startStop-1]  [INFO ] [a.i.s.i.LocalInstallerRegistry 70]   - Latest version of installer 'org.eclipse.che.exec:1.0.0' is already in the registry.
2018-03-16 07:42:42,900[ost-startStop-1]  [INFO ] [a.i.s.i.LocalInstallerRegistry 70]   - Latest version of installer 'org.eclipse.che.exec:1.0.1' is already in the registry.
2018-03-16 07:42:42,902[ost-startStop-1]  [INFO ] [a.i.s.i.LocalInstallerRegistry 70]   - Latest version of installer 'org.eclipse.che.ls.python:1.0.3' is already in the registry.
2018-03-16 07:42:42,906[ost-startStop-1]  [INFO ] [a.i.s.i.LocalInstallerRegistry 70]   - Latest version of installer 'org.eclipse.che.ws-agent:1.0.2' is already in the registry.
2018-03-16 07:42:42,909[ost-startStop-1]  [INFO ] [a.i.s.i.LocalInstallerRegistry 70]   - Latest version of installer 'org.eclipse.che.unison:1.0.0' is already in the registry.
2018-03-16 07:42:42,911[ost-startStop-1]  [INFO ] [a.i.s.i.LocalInstallerRegistry 70]   - Latest version of installer 'org.eclipse.che.ls.json:1.0.1' is already in the registry.
2018-03-16 07:42:42,915[ost-startStop-1]  [INFO ] [a.i.s.i.LocalInstallerRegistry 70]   - Latest version of installer 'org.eclipse.che.ws-agent:1.0.3' is already in the registry.
2018-03-16 07:42:42,918[ost-startStop-1]  [INFO ] [a.i.s.i.LocalInstallerRegistry 70]   - Latest version of installer 'org.eclipse.che.ls.yaml:1.0.0' is already in the registry.
2018-03-16 07:42:42,919[ost-startStop-1]  [INFO ] [a.i.s.i.LocalInstallerRegistry 70]   - Latest version of installer 'org.eclipse.che.test.ls:1.0.0' is already in the registry.
2018-03-16 07:42:42,922[ost-startStop-1]  [INFO ] [a.i.s.i.LocalInstallerRegistry 70]   - Latest version of installer 'org.eclipse.che.ls.csharp:1.0.1' is already in the registry.
2018-03-16 07:42:42,924[ost-startStop-1]  [INFO ] [a.i.s.i.LocalInstallerRegistry 70]   - Latest version of installer 'org.eclipse.che.ls.camel:1.0.0' is already in the registry.
2018-03-16 07:42:43,124[ost-startStop-1]  [INFO ] [.i.d.l.p.LocalProjectsMigrator 49]   - Starting migration of workspace project files
2018-03-16 07:42:43,159[ost-startStop-1]  [INFO ] [o.e.c.a.w.s.WorkspaceRuntimes 113]   - Configured factories for environments: '[compose, dockerimage, dockerfile]'
2018-03-16 07:42:43,160[ost-startStop-1]  [INFO ] [o.e.c.a.w.s.WorkspaceRuntimes 114]   - Registered infrastructure 'docker'
2018-03-16 07:42:43,284[ost-startStop-1]  [INFO ] [.c.i.d.c.DockerRegistryChecker 48]   - Probing registry 'http://localhost:5000'
2018-03-16 07:42:43,299[ost-startStop-1]  [WARN ] [.c.i.d.c.DockerRegistryChecker 58]   - Docker registry http://localhost:5000 is not available, which means that you won't be able to save snapshots of your workspaces.
How to configure registry?
	Local registry  -> https://docs.docker.com/registry/
	Remote registry -> set up 'che.docker.registry.auth.*' properties
2018-03-16 07:42:43,319[ted-scheduler-2]  [INFO ] [ockerAbandonedResourcesCleaner 124]  - List containers registered in the api: []
