Tue Mar  6 15:45:49 UTC 2018
/usr/bin/curl  "-I -k https://hub.docker.com -s -o /dev/null --write-out %{http_code}"
Checking registry for version '6.1.1' images
eval BOOTSTRAP_IMAGE_ALPINE=${BOOTSTRAP_IMAGE_ALPINE:-alpine:3.4}
eval BOOTSTRAP_IMAGE_CHEIP=${BOOTSTRAP_IMAGE_CHEIP:-eclipse/che-ip:6.1.1}
eval IMAGE_INIT=${IMAGE_INIT:-eclipse/che-init:6.1.1}
eval IMAGE_CHE=${IMAGE_CHE:-eclipse/che-server:6.1.1}
eval IMAGE_COMPOSE=${IMAGE_COMPOSE:-docker/compose:1.10.1}
eval UTILITY_IMAGE_CHEACTION=${UTILITY_IMAGE_CHEACTION:-eclipse/che-action:6.1.1}
eval UTILITY_IMAGE_CHEDIR=${UTILITY_IMAGE_CHEDIR:-eclipse/che-dir:6.1.1}
eval UTILITY_IMAGE_CHETEST=${UTILITY_IMAGE_CHETEST:-eclipse/che-test:6.1.1}
eval UTILITY_IMAGE_CHEMOUNT=${UTILITY_IMAGE_CHEMOUNT:-eclipse/che-mount:6.1.1}
INFO: (che cli):  Pulling image alpine:3.4
docker pull alpine:3.4 >> "/data/cli.log" 2>&1
INFO: (che cli):  Pulling image eclipse/che-ip:6.1.1
docker pull eclipse/che-ip:6.1.1 >> "/data/cli.log" 2>&1
INFO: (che cli):  6.1.1 - using docker 17.12.1-ce / native
/usr/bin/curl  "-s https://hub.docker.com/v2/repositories/eclipse/che/tags/"
docker inspect -f '{{.Id}}' che
/usr/bin/curl  "-I -k 172.17.0.1:8080/api/system/state -s -o /dev/null --write-out %{http_code}"
000
[0;32mINFO:[0m (che download): Checking for image 'eclipse/che-init:6.1.1'... not found
INFO: (che download):  Pulling image eclipse/che-init:6.1.1

docker pull eclipse/che-init:6.1.1 >> "/data/cli.log" 2>&1

[0;32mINFO:[0m (che download): Checking for image 'eclipse/che-server:6.1.1'... not found
INFO: (che download):  Pulling image eclipse/che-server:6.1.1

docker pull eclipse/che-server:6.1.1 >> "/data/cli.log" 2>&1

[0;32mINFO:[0m (che download): Checking for image 'docker/compose:1.10.1'... not found
INFO: (che download):  Pulling image docker/compose:1.10.1

docker pull docker/compose:1.10.1 >> "/data/cli.log" 2>&1

\033[0;32mINFO:\033[0m (che download): Checking for image 'alpine:3.4'... found
\033[0;32mINFO:\033[0m (che download): Checking for image 'eclipse/che-ip:6.1.1'... found
[0;32mINFO:[0m (che download): Checking for image 'eclipse/che-action:6.1.1'... not found
INFO: (che download):  Pulling image eclipse/che-action:6.1.1

docker pull eclipse/che-action:6.1.1 >> "/data/cli.log" 2>&1

[0;32mINFO:[0m (che download): Checking for image 'eclipse/che-dir:6.1.1'... not found
INFO: (che download):  Pulling image eclipse/che-dir:6.1.1

docker pull eclipse/che-dir:6.1.1 >> "/data/cli.log" 2>&1

[0;32mINFO:[0m (che download): Checking for image 'eclipse/che-test:6.1.1'... not found
INFO: (che download):  Pulling image eclipse/che-test:6.1.1

docker pull eclipse/che-test:6.1.1 >> "/data/cli.log" 2>&1

[0;32mINFO:[0m (che download): Checking for image 'eclipse/che-mount:6.1.1'... not found
INFO: (che download):  Pulling image eclipse/che-mount:6.1.1

docker pull eclipse/che-mount:6.1.1 >> "/data/cli.log" 2>&1

INFO: (che init):  Installing configuration and bootstrap variables:
mkdir -p "/data"
mkdir -p "/data/instance"
docker_run -v "/home/thomas/Projects/useCase/che":/copy  eclipse/che-init:6.1.1
INFO: (che init):    CHE_HOST=172.17.0.1
INFO: (che init):    CHE_VERSION=6.1.1
INFO: (che init):    CHE_CONFIG=/home/thomas/Projects/useCase/che
INFO: (che init):    CHE_INSTANCE=/home/thomas/Projects/useCase/che/instance
INFO: (che config):  Generating che configuration...
docker_run                   --env-file="/data/che.env"                   --env-file=/version/6.1.1/images                   -v "/home/thomas/Projects/useCase/che/instance":/opt/che:rw                                      -e "CHE_ENV_FILE=/home/thomas/Projects/useCase/che/instance/config/che.env"                   -e "CHE_CONTAINER_ROOT=/data"                   -e "CHE_CONTAINER_NAME=che"                   -e "CHE_ENVIRONMENT=production"                   -e "CHE_CONFIG=/home/thomas/Projects/useCase/che/instance"                   -e "CHE_USER=root"                   -e "CHE_INSTANCE=/home/thomas/Projects/useCase/che/instance"                   -e "CHE_REPO=off"                   --entrypoint=/usr/bin/puppet                       eclipse/che-init:6.1.1                           apply --modulepath                                 /etc/puppet/modules/:/etc/puppet/addon/                                 /etc/puppet/manifests/ --show_diff >> "/data/cli.log"
[mNotice: Compiled catalog for 7778b3de4ff9.skytala.local in environment production in 0.22 seconds[0m
[mNotice: /Stage[main]/Base/File[/opt/che/data]/ensure: created[0m
[mNotice: /Stage[main]/Base/File[/opt/che/config]/ensure: created[0m
[mNotice: /Stage[main]/Base/File[/opt/che/logs]/ensure: created[0m
[mNotice: /Stage[main]/Base/File[/opt/che/templates]/ensure: created[0m
[mNotice: /Stage[main]/Base/File[/opt/che/logs/keycloak]/ensure: created[0m
[mNotice: /Stage[main]/Base/File[/opt/che/data/keycloak]/ensure: created[0m
[mNotice: /Stage[main]/Che/File[/opt/che/config/che]/ensure: created[0m
[mNotice: /Stage[main]/Che/File[/opt/che/config/che/che.env]/ensure: defined content as '{md5}3a9ead7c88caca153dd2af24fc55b4fe'[0m
[mNotice: /Stage[main]/Che/File[/opt/che/config/che/jmxremote.access]/ensure: defined content as '{md5}a951b5b6624cad3b0ec555c40d624a9c'[0m
[mNotice: /Stage[main]/Che/File[/opt/che/config/che/jmxremote.password]/ensure: defined content as '{md5}8ac067aadd17f733721ad81ed55b8f91'[0m
[mNotice: /Stage[main]/Traefik/File[/opt/che/config/traefik]/ensure: created[0m
[mNotice: /Stage[main]/Traefik/File[/opt/che/config/traefik/traefik.toml]/ensure: defined content as '{md5}a8e20610ffce652858f7a1c31109878d'[0m
[mNotice: /Stage[main]/Postgres/File[/opt/che/data/postgres]/ensure: created[0m
[mNotice: /Stage[main]/Postgres/File[/opt/che/config/postgres]/ensure: created[0m
[mNotice: /Stage[main]/Postgres/File[/opt/che/config/postgres/init-che-user.sh]/ensure: defined content as '{md5}dfcaaf8daf6d7f3a36f3dda06cc5d97e'[0m
[mNotice: /Stage[main]/Postgres/File[/opt/che/config/postgres/init-che-user-and-run.sh]/ensure: defined content as '{md5}78e523b24302b6c319c8193070662a75'[0m
[mNotice: /Stage[main]/Keycloak/File[/opt/che/config/keycloak]/ensure: created[0m
[mNotice: /Stage[main]/Keycloak/File[/opt/che/config/keycloak/che-realm.json]/ensure: defined content as '{md5}f21798fe725e5ec481541f0f415cc46f'[0m
[mNotice: /Stage[main]/Keycloak/File[/opt/che/config/keycloak/che-users-0.json]/ensure: defined content as '{md5}e78176f69cf76c2f48ad36c74360c028'[0m
[mNotice: /Stage[main]/Keycloak/File[/opt/che/config/keycloak/master-realm.json]/ensure: defined content as '{md5}ff1f9adef092d59b8abdf552390fa97a'[0m
[mNotice: /Stage[main]/Keycloak/File[/opt/che/config/keycloak/master-users-0.json]/ensure: defined content as '{md5}5b63170216fdc03f22b90ef003a1d7a3'[0m
[mNotice: /Stage[main]/Keycloak/File[keycloak theme custom login page]/ensure: created[0m
[mNotice: /Stage[main]/Keycloak/File[/opt/che/config/keycloak/che/account]/ensure: created[0m
[mNotice: /Stage[main]/Keycloak/File[/opt/che/config/keycloak/che/account/messages]/ensure: created[0m
[mNotice: /Stage[main]/Keycloak/File[/opt/che/config/keycloak/che/account/messages/messages_en.properties]/ensure: defined content as '{md5}8fb0f28b9bfd9172be58966a3526e8af'[0m
[mNotice: /Stage[main]/Keycloak/File[/opt/che/config/keycloak/che/account/resources]/ensure: created[0m
[mNotice: /Stage[main]/Keycloak/File[/opt/che/config/keycloak/che/account/resources/css]/ensure: created[0m
[mNotice: /Stage[main]/Keycloak/File[/opt/che/config/keycloak/che/account/resources/css/che-account.css]/ensure: defined content as '{md5}85d8dc3bfee9002d18bcbbfe2cf2ce82'[0m
[mNotice: /Stage[main]/Keycloak/File[/opt/che/config/keycloak/che/account/template.ftl]/ensure: defined content as '{md5}51d659874133bb5d77af75a1dcab5905'[0m
[mNotice: /Stage[main]/Keycloak/File[/opt/che/config/keycloak/che/account/theme.properties]/ensure: defined content as '{md5}da0c4e518e0be32d091fd4a41c86a27b'[0m
[mNotice: /Stage[main]/Keycloak/File[/opt/che/config/keycloak/che/email]/ensure: created[0m
[mNotice: /Stage[main]/Keycloak/File[/opt/che/config/keycloak/che/email/html]/ensure: created[0m
[mNotice: /Stage[main]/Keycloak/File[/opt/che/config/keycloak/che/email/html/email-verification.ftl]/ensure: defined content as '{md5}8b96b60d6f1a65d50768d85d26b5c633'[0m
[mNotice: /Stage[main]/Keycloak/File[/opt/che/config/keycloak/che/email/html/event-login_error.ftl]/ensure: defined content as '{md5}38d878fc337712e26282d790c58be503'[0m
[mNotice: /Stage[main]/Keycloak/File[/opt/che/config/keycloak/che/email/html/event-remove_totp.ftl]/ensure: defined content as '{md5}05e4a698f6b194e0564653d311a73b25'[0m
[mNotice: /Stage[main]/Keycloak/File[/opt/che/config/keycloak/che/email/html/event-update_password.ftl]/ensure: defined content as '{md5}6ab4f48ce545fc0c1e747653796fc2e6'[0m
[mNotice: /Stage[main]/Keycloak/File[/opt/che/config/keycloak/che/email/html/event-update_totp.ftl]/ensure: defined content as '{md5}2bba78e88c708f97288e647cb499ea07'[0m
[mNotice: /Stage[main]/Keycloak/File[/opt/che/config/keycloak/che/email/html/executeActions.ftl]/ensure: defined content as '{md5}fd419d2d01e4e8397acf784e61a37d9e'[0m
[mNotice: /Stage[main]/Keycloak/File[/opt/che/config/keycloak/che/email/html/footer.ftl]/ensure: defined content as '{md5}f9f128a97ea98e8cc95db63f2b4c1357'[0m
[mNotice: /Stage[main]/Keycloak/File[/opt/che/config/keycloak/che/email/html/header.ftl]/ensure: defined content as '{md5}6f5ea9ef3a19bc2185b86ed9b4b8fe44'[0m
[mNotice: /Stage[main]/Keycloak/File[/opt/che/config/keycloak/che/email/html/identity-provider-link.ftl]/ensure: defined content as '{md5}fe3f7e97e6d03771b605ef7a4e9f9bdf'[0m
[mNotice: /Stage[main]/Keycloak/File[/opt/che/config/keycloak/che/email/html/password-reset.ftl]/ensure: defined content as '{md5}453725c366ca63f283b3ef066c7f2f01'[0m
[mNotice: /Stage[main]/Keycloak/File[/opt/che/config/keycloak/che/email/messages]/ensure: created[0m
[mNotice: /Stage[main]/Keycloak/File[/opt/che/config/keycloak/che/email/messages/messages_en.properties]/ensure: defined content as '{md5}6482ad9bab892669acbe7b89374c0899'[0m
[mNotice: /Stage[main]/Keycloak/File[/opt/che/config/keycloak/che/email/text]/ensure: created[0m
[mNotice: /Stage[main]/Keycloak/File[/opt/che/config/keycloak/che/email/text/email-verification.ftl]/ensure: defined content as '{md5}3dc38ac3ac019761c7edd7f9283e5257'[0m
[mNotice: /Stage[main]/Keycloak/File[/opt/che/config/keycloak/che/email/text/event-login_error.ftl]/ensure: defined content as '{md5}e60f7cb8dde60d807ec5b7eb524eb627'[0m
[mNotice: /Stage[main]/Keycloak/File[/opt/che/config/keycloak/che/email/text/event-remove_totp.ftl]/ensure: defined content as '{md5}9f4018d1af756a53d14cc3e7177de1af'[0m
[mNotice: /Stage[main]/Keycloak/File[/opt/che/config/keycloak/che/email/text/event-update_password.ftl]/ensure: defined content as '{md5}52aab3d501c0664b4c21e0db1577f07d'[0m
[mNotice: /Stage[main]/Keycloak/File[/opt/che/config/keycloak/che/email/text/event-update_totp.ftl]/ensure: defined content as '{md5}7f80e3493f0236a2e0587aa73f9ab954'[0m
[mNotice: /Stage[main]/Keycloak/File[/opt/che/config/keycloak/che/email/text/executeActions.ftl]/ensure: defined content as '{md5}d7a2a70391640ebc6ac9058b214b60d1'[0m
[mNotice: /Stage[main]/Keycloak/File[/opt/che/config/keycloak/che/email/text/footer.ftl]/ensure: defined content as '{md5}d0a39e2ef02e0e991b216f793f803e57'[0m
[mNotice: /Stage[main]/Keycloak/File[/opt/che/config/keycloak/che/email/text/header.ftl]/ensure: defined content as '{md5}c626c13f6f3a8ba8e0ea189bad632f35'[0m
[mNotice: /Stage[main]/Keycloak/File[/opt/che/config/keycloak/che/email/text/identity-provider-link.ftl]/ensure: defined content as '{md5}e5436df2133e3547660c18045a919619'[0m
[mNotice: /Stage[main]/Keycloak/File[/opt/che/config/keycloak/che/email/text/password-reset.ftl]/ensure: defined content as '{md5}4dde02d7af258c2356f832ce71e4667f'[0m
[mNotice: /Stage[main]/Keycloak/File[/opt/che/config/keycloak/che/email/theme.properties]/ensure: defined content as '{md5}b1f3dda0ebb8e3bbdab2553d2f764352'[0m
[mNotice: /Stage[main]/Keycloak/File[/opt/che/config/keycloak/che/login]/ensure: created[0m
[mNotice: /Stage[main]/Keycloak/File[/opt/che/config/keycloak/che/login/login-reset-password.ftl]/ensure: defined content as '{md5}f15a1189f7ccb49209d2b9ddb14a4354'[0m
[mNotice: /Stage[main]/Keycloak/File[/opt/che/config/keycloak/che/login/login-update-password.ftl]/ensure: defined content as '{md5}db7241e38d9426949a6ed2520e9146f2'[0m
[mNotice: /Stage[main]/Keycloak/File[/opt/che/config/keycloak/che/login/login.ftl]/ensure: defined content as '{md5}84c3f31cc5c4451fa664edcf0cf99ac3'[0m
[mNotice: /Stage[main]/Keycloak/File[/opt/che/config/keycloak/che/login/logo.ftl]/ensure: defined content as '{md5}1289727a8c4b03b7e5a0bea61948ad29'[0m
[mNotice: /Stage[main]/Keycloak/File[/opt/che/config/keycloak/che/login/messages]/ensure: created[0m
[mNotice: /Stage[main]/Keycloak/File[/opt/che/config/keycloak/che/login/messages/messages_en.properties]/ensure: defined content as '{md5}535849ad8ecd253ce355b3970388e31b'[0m
[mNotice: /Stage[main]/Keycloak/File[/opt/che/config/keycloak/che/login/register.ftl]/ensure: defined content as '{md5}d47cbd8aecd9b9738c954c0d90bd06a2'[0m
[mNotice: /Stage[main]/Keycloak/File[/opt/che/config/keycloak/che/login/resources]/ensure: created[0m
[mNotice: /Stage[main]/Keycloak/File[/opt/che/config/keycloak/che/login/resources/css]/ensure: created[0m
[mNotice: /Stage[main]/Keycloak/File[/opt/che/config/keycloak/che/login/resources/css/che-login.css]/ensure: defined content as '{md5}3a10c591c17d3bdb16f500aea87be79c'[0m
[mNotice: /Stage[main]/Keycloak/File[/opt/che/config/keycloak/che/login/resources/img]/ensure: created[0m
[mNotice: /Stage[main]/Keycloak/File[/opt/che/config/keycloak/che/login/resources/img/che-logo.svg]/ensure: defined content as '{md5}f8bdacafff39cca9a4ab316bffdf504f'[0m
[mNotice: /Stage[main]/Keycloak/File[/opt/che/config/keycloak/che/login/resources/img/favicon.ico]/ensure: defined content as '{md5}0b0b8e34fd6db1ec028ea51d2fdff486'[0m
[mNotice: /Stage[main]/Keycloak/File[/opt/che/config/keycloak/che/login/resources/img/logo-github-hover@3x.png]/ensure: defined content as '{md5}2527d1d62c42bd7492837c9b5cf98697'[0m
[mNotice: /Stage[main]/Keycloak/File[/opt/che/config/keycloak/che/login/resources/img/logo-github@3x.png]/ensure: defined content as '{md5}d8441f9fe373c6022776087cf7626098'[0m
[mNotice: /Stage[main]/Keycloak/File[/opt/che/config/keycloak/che/login/theme.properties]/ensure: defined content as '{md5}cb337af7510211e7ebedde97584096ba'[0m
[mNotice: /Stage[main]/Openshift/File[/opt/che/config/openshift]/ensure: created[0m
[mNotice: /Stage[main]/Openshift/File[Openshift scritps and descriptors]/ensure: created[0m
[mNotice: /Stage[main]/Openshift/File[/opt/che/config/openshift/scripts/che-config]/ensure: defined content as '{md5}7840f273b3dc8c061bf0c98e65db597f'[0m
[mNotice: /Stage[main]/Openshift/File[/opt/che/config/openshift/scripts/che-openshift.yml]/ensure: defined content as '{md5}4de48ffc84583f06d4b9ae5a4b98c616'[0m
[mNotice: /Stage[main]/Openshift/File[/opt/che/config/openshift/scripts/deploy_che.sh]/ensure: defined content as '{md5}edb5639dc890c9ca0a3ae5bee2fbb1f2'[0m
[mNotice: /Stage[main]/Openshift/File[/opt/che/config/openshift/scripts/multi-user]/ensure: created[0m
[mNotice: /Stage[main]/Openshift/File[/opt/che/config/openshift/scripts/multi-user/che-init-image-stream.yaml]/ensure: defined content as '{md5}f7e090a4b8d144598ba449a743cd8999'[0m
[mNotice: /Stage[main]/Openshift/File[/opt/che/config/openshift/scripts/multi-user/deploy_postgres_and_keycloak.sh]/ensure: defined content as '{md5}737cbdd3172fdaa8c3660c2671092ad2'[0m
[mNotice: /Stage[main]/Openshift/File[/opt/che/config/openshift/scripts/multi-user/deploy_postgres_only.sh]/ensure: defined content as '{md5}dcf7233349b1c4f1d2a6a5d5c62395dc'[0m
[mNotice: /Stage[main]/Openshift/File[/opt/che/config/openshift/scripts/multi-user/keycloak]/ensure: created[0m
[mNotice: /Stage[main]/Openshift/File[/opt/che/config/openshift/scripts/multi-user/keycloak/deployment-config.yaml]/ensure: defined content as '{md5}87db56fb367bc3cb09d56b0e15cbd41e'[0m
[mNotice: /Stage[main]/Openshift/File[/opt/che/config/openshift/scripts/multi-user/keycloak/image-stream.yaml]/ensure: defined content as '{md5}264c1010df808c8996bbdd766195dda2'[0m
[mNotice: /Stage[main]/Openshift/File[/opt/che/config/openshift/scripts/multi-user/keycloak/keycloak-data-claim.yaml]/ensure: defined content as '{md5}d5a2e405ade2a7df432ce329edcc2672'[0m
[mNotice: /Stage[main]/Openshift/File[/opt/che/config/openshift/scripts/multi-user/keycloak/keycloak-log-claim.yaml]/ensure: defined content as '{md5}db295267158b87a29b4c6115ba61f82f'[0m
[mNotice: /Stage[main]/Openshift/File[/opt/che/config/openshift/scripts/multi-user/keycloak/route.yaml]/ensure: defined content as '{md5}4c4211cc63d5e4f84df31cdbceabc843'[0m
[mNotice: /Stage[main]/Openshift/File[/opt/che/config/openshift/scripts/multi-user/keycloak/service.yaml]/ensure: defined content as '{md5}d4ee9df48b67445668c05272ddea6d9d'[0m
[mNotice: /Stage[main]/Openshift/File[/opt/che/config/openshift/scripts/multi-user/postgres]/ensure: created[0m
[mNotice: /Stage[main]/Openshift/File[/opt/che/config/openshift/scripts/multi-user/postgres/build-config.yaml]/ensure: defined content as '{md5}ac33389b5e6ca26e7c67a382884cd552'[0m
[mNotice: /Stage[main]/Openshift/File[/opt/che/config/openshift/scripts/multi-user/postgres/deployment-config.yaml]/ensure: defined content as '{md5}4867a317195e216cf06a67caca41067f'[0m
[mNotice: /Stage[main]/Openshift/File[/opt/che/config/openshift/scripts/multi-user/postgres/image-stream.yaml]/ensure: defined content as '{md5}edadda3751ed3e1f0eb3c0988fc644b7'[0m
[mNotice: /Stage[main]/Openshift/File[/opt/che/config/openshift/scripts/multi-user/postgres/postgres-data-claim.yaml]/ensure: defined content as '{md5}f723ffc28f4083f2d2fcbc99cbeb0685'[0m
[mNotice: /Stage[main]/Openshift/File[/opt/che/config/openshift/scripts/multi-user/postgres/service.yaml]/ensure: defined content as '{md5}bebe42fc6c26acb37c5600e68899e388'[0m
[mNotice: /Stage[main]/Openshift/File[/opt/che/config/openshift/scripts/multi-user/wait_until_keycloak_is_available.sh]/ensure: defined content as '{md5}26e3f7a8c1a971f1ed85fa9cf52ca3d2'[0m
[mNotice: /Stage[main]/Openshift/File[/opt/che/config/openshift/scripts/multi-user/wait_until_postgres_is_available.sh]/ensure: defined content as '{md5}c43e2a6296e9ce91c4759c0e139efbdd'[0m
[mNotice: /Stage[main]/Openshift/File[/opt/che/config/openshift/scripts/ocp.sh]/ensure: defined content as '{md5}da784653799f9c3965787fbb1ba00302'[0m
[mNotice: /Stage[main]/Compose/Compose::Generate_compose_file[docker-compose-container.yml]/File[/opt/che/docker-compose-container.yml]/ensure: defined content as '{md5}396f957d2ec86f8170a2d2aa175868b6'[0m
[mNotice: /Stage[main]/Compose/Compose::Generate_compose_file[docker-compose.yml]/File[/opt/che/docker-compose.yml]/ensure: defined content as '{md5}b9486fd255db99bc38ddb995d6a4bd54'[0m
[mNotice: Applied catalog in 1.35 seconds[0m
INFO: (che config):  Customizing docker-compose for running in a container
INFO: (che start):  Preflight checks
         mem (1.5 GiB):           [0;32m[OK][0m
         disk (100 MB):           [0;32m[OK][0m
         port 8080 (http):        [0;32m[AVAILABLE][0m
10e9b52aa27b0c0af55ba4e487b0ed1b75a95c3abafb2924da9be415e95cf6b8
/usr/bin/curl  "-I localhost:32768/alpine-release -s -o /dev/null --connect-timeout 5 --write-out %{http_code}"
28
/usr/bin/curl  "-I 172.17.0.1:32768/alpine-release -s -o /dev/null --connect-timeout 5 --write-out %{http_code}"
         conn (browser => ws):    [0;32m[OK][0m
         conn (server => ws):     [0;32m[OK][0m
fakeagent-8080

INFO: (che start):  Starting containers...
docker_compose --file="/data/instance/docker-compose-container.yml" -p="che" up -d >> "/data/cli.log" 2>&1
Creating che
docker inspect -f '{{.Id}}' che
INFO: (che start):  Services booting...
INFO: (che start):  Server logs at "docker logs -f che"
DEBUG: Container with id cbbedb92dbd3 is matching che service
DEBUG: Running state of container cbbedb92dbd3 is true
/usr/bin/curl  "-I -k 172.17.0.1:8080/api/system/state -s -o /dev/null --write-out %{http_code}"
200
DEBUG: Container with id cbbedb92dbd3 is matching che service
DEBUG: Running state of container cbbedb92dbd3 is true
docker inspect -f '{{.Id}}' che
/usr/bin/curl  "-I -k 172.17.0.1:8080/api/system/state -s -o /dev/null --write-out %{http_code}"
200
docker inspect -f '{{.Id}}' che
/usr/bin/curl  "-I -k 172.17.0.1:8080/api/system/state -s -o /dev/null --write-out %{http_code}"
200
INFO: (che start):  Booted and reachable
INFO: (che start):  Ver: 6.1.1
INFO: (che start):  Use: http://172.17.0.1:8080
INFO: (che start):  API: http://172.17.0.1:8080/swagger
Tue Mar  6 15:48:21 UTC 2018
/usr/bin/curl  "-I -k https://hub.docker.com -s -o /dev/null --write-out %{http_code}"
Checking registry for version '6.1.1' images
eval BOOTSTRAP_IMAGE_ALPINE=${BOOTSTRAP_IMAGE_ALPINE:-alpine:3.4}
eval BOOTSTRAP_IMAGE_CHEIP=${BOOTSTRAP_IMAGE_CHEIP:-eclipse/che-ip:6.1.1}
eval IMAGE_INIT=${IMAGE_INIT:-eclipse/che-init:6.1.1}
eval IMAGE_CHE=${IMAGE_CHE:-eclipse/che-server:6.1.1}
eval IMAGE_COMPOSE=${IMAGE_COMPOSE:-docker/compose:1.10.1}
eval UTILITY_IMAGE_CHEACTION=${UTILITY_IMAGE_CHEACTION:-eclipse/che-action:6.1.1}
eval UTILITY_IMAGE_CHEDIR=${UTILITY_IMAGE_CHEDIR:-eclipse/che-dir:6.1.1}
eval UTILITY_IMAGE_CHETEST=${UTILITY_IMAGE_CHETEST:-eclipse/che-test:6.1.1}
eval UTILITY_IMAGE_CHEMOUNT=${UTILITY_IMAGE_CHEMOUNT:-eclipse/che-mount:6.1.1}
INFO: (che cli):  6.1.1 - using docker 17.12.1-ce / native
/usr/bin/curl  "-s https://hub.docker.com/v2/repositories/eclipse/che/tags/"
docker inspect -f '{{.Id}}' che
/usr/bin/curl  "-I -k 172.17.0.1:8080/api/system/state -s -o /dev/null --write-out %{http_code}"
200
INFO: (che start):  Booted and reachable
INFO: (che start):  Ver: 6.1.1
INFO: (che start):  Use: http://172.17.0.1:8080
INFO: (che start):  API: http://172.17.0.1:8080/swagger
docker inspect -f '{{.Id}}' che
/usr/bin/curl  "-I -k 172.17.0.1:8080/api/system/state -s -o /dev/null --write-out %{http_code}"
200
