2018-03-10 09:27:38,325[ost-startStop-1]  [INFO ] [.e.c.c.d.JNDIDataSourceFactory 59]   - This=org.eclipse.che.core.db.h2.H2SQLJndiDataSourceFactory@42a06e92 obj=ResourceRef[className=javax.sql.DataSource,factoryClassLocation=null,factoryClassName=org.apache.naming.factory.ResourceFactory,{type=scope,content=Shareable},{type=auth,content=Container},{type=singleton,content=true},{type=factory,content=org.eclipse.che.api.CommonJndiDataSourceFactory}] name=che Context=org.apache.naming.NamingContext@3004eb00 environment={}
2018-03-10 09:27:44,625[ost-startStop-1]  [INFO ] [o.f.c.i.d.DbSupportFactory 44]       - Database: jdbc:h2:che (H2 1.4)
2018-03-10 09:27:44,740[ost-startStop-1]  [INFO ] [o.f.c.i.util.VersionPrinter 44]      - Flyway 4.2.0 by Boxfuse
2018-03-10 09:27:44,742[ost-startStop-1]  [INFO ] [o.f.c.i.d.DbSupportFactory 44]       - Database: jdbc:h2:che (H2 1.4)
2018-03-10 09:27:44,802[ost-startStop-1]  [INFO ] [i.f.CustomSqlMigrationResolver 157]  - Searching for sql scripts in locations [classpath:che-schema]
2018-03-10 09:27:44,911[ost-startStop-1]  [INFO ] [o.f.c.i.command.DbValidate 44]       - Successfully validated 27 migrations (execution time 00:00.111s)
2018-03-10 09:27:44,931[ost-startStop-1]  [INFO ] [o.f.c.i.command.DbMigrate 44]        - Current version of schema "PUBLIC": 6.0.0.12
2018-03-10 09:27:44,935[ost-startStop-1]  [INFO ] [o.f.c.i.command.DbMigrate 44]        - Schema "PUBLIC" is up to date. No migration necessary.
2018-03-10 09:27:47,073[ost-startStop-1]  [INFO ] [a.i.s.i.LocalInstallerRegistry 70]   - Latest version of installer 'org.eclipse.che.terminal:1.0.0' is already in the registry.
2018-03-10 09:27:47,078[ost-startStop-1]  [INFO ] [a.i.s.i.LocalInstallerRegistry 70]   - Latest version of installer 'org.eclipse.che.git-credentials:1.0.0' is already in the registry.
2018-03-10 09:27:47,085[ost-startStop-1]  [INFO ] [a.i.s.i.LocalInstallerRegistry 70]   - Latest version of installer 'org.eclipse.che.ws-agent:1.0.1' is already in the registry.
2018-03-10 09:27:47,091[ost-startStop-1]  [INFO ] [a.i.s.i.LocalInstallerRegistry 70]   - Latest version of installer 'org.eclipse.che.terminal:1.0.1' is already in the registry.
2018-03-10 09:27:47,096[ost-startStop-1]  [INFO ] [a.i.s.i.LocalInstallerRegistry 70]   - Latest version of installer 'org.eclipse.che.ws-agent:1.0.0' is already in the registry.
2018-03-10 09:27:47,100[ost-startStop-1]  [INFO ] [a.i.s.i.LocalInstallerRegistry 70]   - Latest version of installer 'org.eclipse.che.ls.js-ts:1.0.1' is already in the registry.
2018-03-10 09:27:47,105[ost-startStop-1]  [INFO ] [a.i.s.i.LocalInstallerRegistry 70]   - Latest version of installer 'org.eclipse.che.ssh:1.0.0' is already in the registry.
2018-03-10 09:27:47,109[ost-startStop-1]  [INFO ] [a.i.s.i.LocalInstallerRegistry 70]   - Latest version of installer 'org.eclipse.che.ls.php:2.0.1' is already in the registry.
2018-03-10 09:27:47,175[ost-startStop-1]  [INFO ] [a.i.s.i.LocalInstallerRegistry 70]   - Latest version of installer 'org.eclipse.che.exec:1.0.0' is already in the registry.
2018-03-10 09:27:47,180[ost-startStop-1]  [INFO ] [a.i.s.i.LocalInstallerRegistry 70]   - Latest version of installer 'org.eclipse.che.exec:1.0.1' is already in the registry.
2018-03-10 09:27:47,184[ost-startStop-1]  [INFO ] [a.i.s.i.LocalInstallerRegistry 70]   - Latest version of installer 'org.eclipse.che.ls.python:1.0.3' is already in the registry.
2018-03-10 09:27:47,189[ost-startStop-1]  [INFO ] [a.i.s.i.LocalInstallerRegistry 70]   - Latest version of installer 'org.eclipse.che.ws-agent:1.0.2' is already in the registry.
2018-03-10 09:27:47,193[ost-startStop-1]  [INFO ] [a.i.s.i.LocalInstallerRegistry 70]   - Latest version of installer 'org.eclipse.che.unison:1.0.0' is already in the registry.
2018-03-10 09:27:47,196[ost-startStop-1]  [INFO ] [a.i.s.i.LocalInstallerRegistry 70]   - Latest version of installer 'org.eclipse.che.ls.json:1.0.1' is already in the registry.
2018-03-10 09:27:47,199[ost-startStop-1]  [INFO ] [a.i.s.i.LocalInstallerRegistry 70]   - Latest version of installer 'org.eclipse.che.ws-agent:1.0.3' is already in the registry.
2018-03-10 09:27:47,202[ost-startStop-1]  [INFO ] [a.i.s.i.LocalInstallerRegistry 70]   - Latest version of installer 'org.eclipse.che.ls.yaml:1.0.0' is already in the registry.
2018-03-10 09:27:47,204[ost-startStop-1]  [INFO ] [a.i.s.i.LocalInstallerRegistry 70]   - Latest version of installer 'org.eclipse.che.test.ls:1.0.0' is already in the registry.
2018-03-10 09:27:47,206[ost-startStop-1]  [INFO ] [a.i.s.i.LocalInstallerRegistry 70]   - Latest version of installer 'org.eclipse.che.ls.csharp:1.0.1' is already in the registry.
2018-03-10 09:27:47,208[ost-startStop-1]  [INFO ] [a.i.s.i.LocalInstallerRegistry 70]   - Latest version of installer 'org.eclipse.che.ls.camel:1.0.0' is already in the registry.
2018-03-10 09:27:47,385[ost-startStop-1]  [INFO ] [.i.d.l.p.LocalProjectsMigrator 49]   - Starting migration of workspace project files
2018-03-10 09:27:47,423[ost-startStop-1]  [INFO ] [o.e.c.a.w.s.WorkspaceRuntimes 113]   - Configured factories for environments: '[compose, dockerimage, dockerfile]'
2018-03-10 09:27:47,424[ost-startStop-1]  [INFO ] [o.e.c.a.w.s.WorkspaceRuntimes 114]   - Registered infrastructure 'docker'
2018-03-10 09:27:47,534[ost-startStop-1]  [INFO ] [.c.i.d.c.DockerRegistryChecker 48]   - Probing registry 'http://localhost:5000'
2018-03-10 09:27:47,545[ost-startStop-1]  [WARN ] [.c.i.d.c.DockerRegistryChecker 58]   - Docker registry http://localhost:5000 is not available, which means that you won't be able to save snapshots of your workspaces.
How to configure registry?
	Local registry  -> https://docs.docker.com/registry/
	Remote registry -> set up 'che.docker.registry.auth.*' properties
2018-03-10 09:27:47,555[ted-scheduler-2]  [INFO ] [ockerAbandonedResourcesCleaner 124]  - List containers registered in the api: []
2018-03-10 09:34:22,822[ost-startStop-2]  [INFO ] [o.e.c.a.s.server.SystemManager 92]   - Preparing system to shutdown
2018-03-10 09:34:22,835[ost-startStop-2]  [INFO ] [o.e.c.a.s.s.ServiceTerminator 46]    - Shutting down 'workspace' service
2018-03-10 09:34:22,838[ost-startStop-2]  [INFO ] [.e.c.a.w.s.WorkspaceSharedPool 115]  - Shutdown workspace threads pool, wait 30s to stop normally
2018-03-10 09:34:22,838[ost-startStop-2]  [INFO ] [.e.c.a.w.s.WorkspaceSharedPool 127]  - Workspace threads pool is terminated
2018-03-10 09:34:22,838[ost-startStop-2]  [INFO ] [o.e.c.a.s.s.ServiceTerminator 55]    - Service 'workspace' is shut down
2018-03-10 09:34:22,839[ost-startStop-2]  [INFO ] [o.e.c.a.s.server.SystemManager 99]   - System is ready to shutdown
2018-03-10 09:34:22,842[ost-startStop-2]  [INFO ] [o.e.c.a.core.util.FileCleaner 80]    - File cleaner is stopped
2018-03-10 09:35:07,903[ost-startStop-1]  [INFO ] [.e.c.c.d.JNDIDataSourceFactory 59]   - This=org.eclipse.che.core.db.h2.H2SQLJndiDataSourceFactory@7c26ba27 obj=ResourceRef[className=javax.sql.DataSource,factoryClassLocation=null,factoryClassName=org.apache.naming.factory.ResourceFactory,{type=scope,content=Shareable},{type=auth,content=Container},{type=singleton,content=true},{type=factory,content=org.eclipse.che.api.CommonJndiDataSourceFactory}] name=che Context=org.apache.naming.NamingContext@589c092b environment={}
2018-03-10 09:35:12,205[ost-startStop-1]  [INFO ] [o.f.c.i.d.DbSupportFactory 44]       - Database: jdbc:h2:che (H2 1.4)
2018-03-10 09:35:12,283[ost-startStop-1]  [INFO ] [o.f.c.i.util.VersionPrinter 44]      - Flyway 4.2.0 by Boxfuse
2018-03-10 09:35:12,284[ost-startStop-1]  [INFO ] [o.f.c.i.d.DbSupportFactory 44]       - Database: jdbc:h2:che (H2 1.4)
2018-03-10 09:35:12,318[ost-startStop-1]  [INFO ] [i.f.CustomSqlMigrationResolver 157]  - Searching for sql scripts in locations [classpath:che-schema]
2018-03-10 09:35:12,392[ost-startStop-1]  [INFO ] [o.f.c.i.command.DbValidate 44]       - Successfully validated 27 migrations (execution time 00:00.075s)
2018-03-10 09:35:12,413[ost-startStop-1]  [INFO ] [o.f.c.i.command.DbMigrate 44]        - Current version of schema "PUBLIC": 6.0.0.12
2018-03-10 09:35:12,418[ost-startStop-1]  [INFO ] [o.f.c.i.command.DbMigrate 44]        - Schema "PUBLIC" is up to date. No migration necessary.
2018-03-10 09:35:14,435[ost-startStop-1]  [INFO ] [a.i.s.i.LocalInstallerRegistry 70]   - Latest version of installer 'org.eclipse.che.terminal:1.0.0' is already in the registry.
2018-03-10 09:35:14,438[ost-startStop-1]  [INFO ] [a.i.s.i.LocalInstallerRegistry 70]   - Latest version of installer 'org.eclipse.che.git-credentials:1.0.0' is already in the registry.
2018-03-10 09:35:14,444[ost-startStop-1]  [INFO ] [a.i.s.i.LocalInstallerRegistry 70]   - Latest version of installer 'org.eclipse.che.ws-agent:1.0.1' is already in the registry.
2018-03-10 09:35:14,447[ost-startStop-1]  [INFO ] [a.i.s.i.LocalInstallerRegistry 70]   - Latest version of installer 'org.eclipse.che.terminal:1.0.1' is already in the registry.
2018-03-10 09:35:14,450[ost-startStop-1]  [INFO ] [a.i.s.i.LocalInstallerRegistry 70]   - Latest version of installer 'org.eclipse.che.ws-agent:1.0.0' is already in the registry.
2018-03-10 09:35:14,452[ost-startStop-1]  [INFO ] [a.i.s.i.LocalInstallerRegistry 70]   - Latest version of installer 'org.eclipse.che.ls.js-ts:1.0.1' is already in the registry.
2018-03-10 09:35:14,455[ost-startStop-1]  [INFO ] [a.i.s.i.LocalInstallerRegistry 70]   - Latest version of installer 'org.eclipse.che.ssh:1.0.0' is already in the registry.
2018-03-10 09:35:14,458[ost-startStop-1]  [INFO ] [a.i.s.i.LocalInstallerRegistry 70]   - Latest version of installer 'org.eclipse.che.ls.php:2.0.1' is already in the registry.
2018-03-10 09:35:14,462[ost-startStop-1]  [INFO ] [a.i.s.i.LocalInstallerRegistry 70]   - Latest version of installer 'org.eclipse.che.exec:1.0.0' is already in the registry.
2018-03-10 09:35:14,466[ost-startStop-1]  [INFO ] [a.i.s.i.LocalInstallerRegistry 70]   - Latest version of installer 'org.eclipse.che.exec:1.0.1' is already in the registry.
2018-03-10 09:35:14,469[ost-startStop-1]  [INFO ] [a.i.s.i.LocalInstallerRegistry 70]   - Latest version of installer 'org.eclipse.che.ls.python:1.0.3' is already in the registry.
2018-03-10 09:35:14,472[ost-startStop-1]  [INFO ] [a.i.s.i.LocalInstallerRegistry 70]   - Latest version of installer 'org.eclipse.che.ws-agent:1.0.2' is already in the registry.
2018-03-10 09:35:14,473[ost-startStop-1]  [INFO ] [a.i.s.i.LocalInstallerRegistry 70]   - Latest version of installer 'org.eclipse.che.unison:1.0.0' is already in the registry.
2018-03-10 09:35:14,475[ost-startStop-1]  [INFO ] [a.i.s.i.LocalInstallerRegistry 70]   - Latest version of installer 'org.eclipse.che.ls.json:1.0.1' is already in the registry.
2018-03-10 09:35:14,479[ost-startStop-1]  [INFO ] [a.i.s.i.LocalInstallerRegistry 70]   - Latest version of installer 'org.eclipse.che.ws-agent:1.0.3' is already in the registry.
2018-03-10 09:35:14,481[ost-startStop-1]  [INFO ] [a.i.s.i.LocalInstallerRegistry 70]   - Latest version of installer 'org.eclipse.che.ls.yaml:1.0.0' is already in the registry.
2018-03-10 09:35:14,483[ost-startStop-1]  [INFO ] [a.i.s.i.LocalInstallerRegistry 70]   - Latest version of installer 'org.eclipse.che.test.ls:1.0.0' is already in the registry.
2018-03-10 09:35:14,484[ost-startStop-1]  [INFO ] [a.i.s.i.LocalInstallerRegistry 70]   - Latest version of installer 'org.eclipse.che.ls.csharp:1.0.1' is already in the registry.
2018-03-10 09:35:14,486[ost-startStop-1]  [INFO ] [a.i.s.i.LocalInstallerRegistry 70]   - Latest version of installer 'org.eclipse.che.ls.camel:1.0.0' is already in the registry.
2018-03-10 09:35:14,674[ost-startStop-1]  [INFO ] [.i.d.l.p.LocalProjectsMigrator 49]   - Starting migration of workspace project files
2018-03-10 09:35:14,719[ost-startStop-1]  [INFO ] [o.e.c.a.w.s.WorkspaceRuntimes 113]   - Configured factories for environments: '[compose, dockerimage, dockerfile]'
2018-03-10 09:35:14,719[ost-startStop-1]  [INFO ] [o.e.c.a.w.s.WorkspaceRuntimes 114]   - Registered infrastructure 'docker'
2018-03-10 09:35:14,828[ost-startStop-1]  [INFO ] [.c.i.d.c.DockerRegistryChecker 48]   - Probing registry 'http://localhost:5000'
2018-03-10 09:35:14,842[ost-startStop-1]  [WARN ] [.c.i.d.c.DockerRegistryChecker 58]   - Docker registry http://localhost:5000 is not available, which means that you won't be able to save snapshots of your workspaces.
How to configure registry?
	Local registry  -> https://docs.docker.com/registry/
	Remote registry -> set up 'che.docker.registry.auth.*' properties
2018-03-10 09:35:14,855[ted-scheduler-2]  [INFO ] [ockerAbandonedResourcesCleaner 124]  - List containers registered in the api: []
2018-03-10 10:35:14,857[ted-scheduler-4]  [INFO ] [ockerAbandonedResourcesCleaner 124]  - List containers registered in the api: []
2018-03-10 11:35:38,305[ted-scheduler-2]  [INFO ] [ockerAbandonedResourcesCleaner 124]  - List containers registered in the api: []
2018-03-10 14:11:07,166[ted-scheduler-6]  [INFO ] [ockerAbandonedResourcesCleaner 124]  - List containers registered in the api: []
2018-03-10 15:11:07,158[ted-scheduler-3]  [INFO ] [ockerAbandonedResourcesCleaner 124]  - List containers registered in the api: []
2018-03-10 16:11:07,154[ted-scheduler-7]  [INFO ] [ockerAbandonedResourcesCleaner 124]  - List containers registered in the api: []
2018-03-10 17:11:07,162[ted-scheduler-9]  [INFO ] [ockerAbandonedResourcesCleaner 124]  - List containers registered in the api: []
